<?xml version="1.0" encoding="UTF-8"?>
<!-- Generated by org.testng.reporters.JUnitXMLReporter -->
<testsuite ignored="0" hostname="hydlap1111" failures="0" tests="3" name="Surefire test" time="42.345" errors="0" timestamp="2026-02-02T07:10:18 IST">
  <testcase classname="com.thinkingtester.hybrid.tests.negative.NegativeUpdateHybridTests" name="negativeContactUpdates" time="11.595"/>
  <testcase classname="com.thinkingtester.hybrid.tests.negative.NegativeDeleteHybridTests" name="negativeContactDeletes" time="6.081"/>
  <testcase classname="com.thinkingtester.hybrid.tests.negative.PartialFailureHybridTests" name="partialE2EContactsFlow" time="6.511"/>
</testsuite> <!-- Surefire test -->
