<?xml version="1.0" encoding="UTF-8"?>
<!-- Generated by org.testng.reporters.JUnitXMLReporter -->
<testsuite ignored="0" hostname="hydlap1111" failures="0" tests="2" name="Surefire test" time="27.47" errors="0" timestamp="2026-02-01T10:16:10 IST">
  <testcase classname="com.thinkingtester.hybrid.tests.negative.NegativeUpdateHybridTests" name="negativeContactUpdates" time="12.698"/>
  <testcase classname="com.thinkingtester.hybrid.tests.negative.NegativeDeleteHybridTests" name="negativeContactDeletes" time="1.441"/>
</testsuite> <!-- Surefire test -->
