{"uuid":"0607d661-63fc-4b35-b5d2-3f11d0559852","historyId":"1017f653a4b1f18f616f2ccab6a2ed7b","fullName":"com.thinkingtester.hybrid.tests.negative.NegativeDeleteHybridTests.negativeContactDeletes","labels":[{"name":"package","value":"com.thinkingtester.hybrid.tests.negative.NegativeDeleteHybridTests"},{"name":"testClass","value":"com.thinkingtester.hybrid.tests.negative.NegativeDeleteHybridTests"},{"name":"testMethod","value":"negativeContactDeletes"},{"name":"parentSuite","value":"Surefire suite"},{"name":"suite","value":"Surefire test"},{"name":"subSuite","value":"com.thinkingtester.hybrid.tests.negative.NegativeDeleteHybridTests"},{"name":"host","value":"hydlap1111"},{"name":"thread","value":"25848@hydlap1111.main(1)"},{"name":"framework","value":"testng"},{"name":"language","value":"java"}],"links":[],"name":"negativeContactDeletes","status":"broken","statusDetails":{"known":false,"muted":false,"flaky":false,"message":"Error {\n  message='Protocol error (Page.navigate): Cannot navigate to invalid URL\n  name='Error\n  stack='Error: Protocol error (Page.navigate): Cannot navigate to invalid URL\n    at C:\\Users\\ysatya\\AppData\\Local\\Temp\\playwright-java-11155435690070473030\\package\\lib\\server\\chromium\\crConnection.js:135:16\n    at new Promise (<anonymous>)\n    at CRSession.send (C:\\Users\\ysatya\\AppData\\Local\\Temp\\playwright-java-11155435690070473030\\package\\lib\\server\\chromium\\crConnection.js:131:12)\n    at FrameSession._navigate (C:\\Users\\ysatya\\AppData\\Local\\Temp\\playwright-java-11155435690070473030\\package\\lib\\server\\chromium\\crPage.js:506:41)\n    at CRPage.navigateFrame (C:\\Users\\ysatya\\AppData\\Local\\Temp\\playwright-java-11155435690070473030\\package\\lib\\server\\chromium\\crPage.js:158:41)\n    at Frame._gotoAction (C:\\Users\\ysatya\\AppData\\Local\\Temp\\playwright-java-11155435690070473030\\package\\lib\\server\\frames.js:534:55)\n    at C:\\Users\\ysatya\\AppData\\Local\\Temp\\playwright-java-11155435690070473030\\package\\lib\\server\\frames.js:520:74\n    at Frame.raceNavigationAction (C:\\Users\\ysatya\\AppData\\Local\\Temp\\playwright-java-11155435690070473030\\package\\lib\\server\\frames.js:492:95)\n    at Frame._goto (C:\\Users\\ysatya\\AppData\\Local\\Temp\\playwright-java-11155435690070473030\\package\\lib\\server\\frames.js:520:17)\n    at C:\\Users\\ysatya\\AppData\\Local\\Temp\\playwright-java-11155435690070473030\\package\\lib\\server\\frames.js:517:44\n}\nCall log:\n- navigating to \"null/contactList\", waiting until \"load\"\n","trace":"com.microsoft.playwright.PlaywrightException: Error {\n  message='Protocol error (Page.navigate): Cannot navigate to invalid URL\n  name='Error\n  stack='Error: Protocol error (Page.navigate): Cannot navigate to invalid URL\n    at C:\\Users\\ysatya\\AppData\\Local\\Temp\\playwright-java-11155435690070473030\\package\\lib\\server\\chromium\\crConnection.js:135:16\n    at new Promise (<anonymous>)\n    at CRSession.send (C:\\Users\\ysatya\\AppData\\Local\\Temp\\playwright-java-11155435690070473030\\package\\lib\\server\\chromium\\crConnection.js:131:12)\n    at FrameSession._navigate (C:\\Users\\ysatya\\AppData\\Local\\Temp\\playwright-java-11155435690070473030\\package\\lib\\server\\chromium\\crPage.js:506:41)\n    at CRPage.navigateFrame (C:\\Users\\ysatya\\AppData\\Local\\Temp\\playwright-java-11155435690070473030\\package\\lib\\server\\chromium\\crPage.js:158:41)\n    at Frame._gotoAction (C:\\Users\\ysatya\\AppData\\Local\\Temp\\playwright-java-11155435690070473030\\package\\lib\\server\\frames.js:534:55)\n    at C:\\Users\\ysatya\\AppData\\Local\\Temp\\playwright-java-11155435690070473030\\package\\lib\\server\\frames.js:520:74\n    at Frame.raceNavigationAction (C:\\Users\\ysatya\\AppData\\Local\\Temp\\playwright-java-11155435690070473030\\package\\lib\\server\\frames.js:492:95)\n    at Frame._goto (C:\\Users\\ysatya\\AppData\\Local\\Temp\\playwright-java-11155435690070473030\\package\\lib\\server\\frames.js:520:17)\n    at C:\\Users\\ysatya\\AppData\\Local\\Temp\\playwright-java-11155435690070473030\\package\\lib\\server\\frames.js:517:44\n}\nCall log:\n- navigating to \"null/contactList\", waiting until \"load\"\n\r\n\tat com.microsoft.playwright.impl.WaitableResult.get(WaitableResult.java:54)\r\n\tat com.microsoft.playwright.impl.ChannelOwner.runUntil(ChannelOwner.java:120)\r\n\tat com.microsoft.playwright.impl.Connection.sendMessage(Connection.java:129)\r\n\tat com.microsoft.playwright.impl.ChannelOwner.sendMessage(ChannelOwner.java:106)\r\n\tat com.microsoft.playwright.impl.FrameImpl.navigateImpl(FrameImpl.java:463)\r\n\tat com.microsoft.playwright.impl.PageImpl.lambda$navigate$45(PageImpl.java:836)\r\n\tat com.microsoft.playwright.impl.LoggingSupport.withLogging(LoggingSupport.java:47)\r\n\tat com.microsoft.playwright.impl.ChannelOwner.withLogging(ChannelOwner.java:89)\r\n\tat com.microsoft.playwright.impl.PageImpl.navigate(PageImpl.java:836)\r\n\tat com.microsoft.playwright.impl.PageImpl.navigate(PageImpl.java:42)\r\n\tat com.microsoft.playwright.Page.navigate(Page.java:5332)\r\n\tat com.thinkingtester.hybrid.tests.negative.NegativeDeleteHybridTests.negativeContactDeletes(NegativeDeleteHybridTests.java:70)\r\n\tat java.base/jdk.internal.reflect.DirectMethodHandleAccessor.invoke(DirectMethodHandleAccessor.java:103)\r\n\tat java.base/java.lang.reflect.Method.invoke(Method.java:580)\r\n\tat org.testng.internal.invokers.MethodInvocationHelper.invokeMethod(MethodInvocationHelper.java:139)\r\n\tat org.testng.internal.invokers.TestInvoker.invokeMethod(TestInvoker.java:664)\r\n\tat org.testng.internal.invokers.TestInvoker.invokeTestMethod(TestInvoker.java:228)\r\n\tat org.testng.internal.invokers.MethodRunner.runInSequence(MethodRunner.java:63)\r\n\tat org.testng.internal.invokers.TestInvoker$MethodInvocationAgent.invoke(TestInvoker.java:961)\r\n\tat org.testng.internal.invokers.TestInvoker.invokeTestMethods(TestInvoker.java:201)\r\n\tat org.testng.internal.invokers.TestMethodWorker.invokeTestMethods(TestMethodWorker.java:148)\r\n\tat org.testng.internal.invokers.TestMethodWorker.run(TestMethodWorker.java:128)\r\n\tat java.base/java.util.ArrayList.forEach(ArrayList.java:1596)\r\n\tat org.testng.TestRunner.privateRun(TestRunner.java:819)\r\n\tat org.testng.TestRunner.run(TestRunner.java:619)\r\n\tat org.testng.SuiteRunner.runTest(SuiteRunner.java:443)\r\n\tat org.testng.SuiteRunner.runSequentially(SuiteRunner.java:437)\r\n\tat org.testng.SuiteRunner.privateRun(SuiteRunner.java:397)\r\n\tat org.testng.SuiteRunner.run(SuiteRunner.java:336)\r\n\tat org.testng.SuiteRunnerWorker.runSuite(SuiteRunnerWorker.java:52)\r\n\tat org.testng.SuiteRunnerWorker.run(SuiteRunnerWorker.java:95)\r\n\tat org.testng.TestNG.runSuitesSequentially(TestNG.java:1301)\r\n\tat org.testng.TestNG.runSuitesLocally(TestNG.java:1228)\r\n\tat org.testng.TestNG.runSuites(TestNG.java:1134)\r\n\tat org.testng.TestNG.run(TestNG.java:1101)\r\n\tat org.apache.maven.surefire.testng.TestNGExecutor.run(TestNGExecutor.java:155)\r\n\tat org.apache.maven.surefire.testng.TestNGDirectoryTestSuite.executeSingleClass(TestNGDirectoryTestSuite.java:102)\r\n\tat org.apache.maven.surefire.testng.TestNGDirectoryTestSuite.execute(TestNGDirectoryTestSuite.java:91)\r\n\tat org.apache.maven.surefire.testng.TestNGProvider.invoke(TestNGProvider.java:137)\r\n\tat org.apache.maven.surefire.booter.ForkedBooter.runSuitesInProcess(ForkedBooter.java:385)\r\n\tat org.apache.maven.surefire.booter.ForkedBooter.execute(ForkedBooter.java:162)\r\n\tat org.apache.maven.surefire.booter.ForkedBooter.run(ForkedBooter.java:507)\r\n\tat org.apache.maven.surefire.booter.ForkedBooter.main(ForkedBooter.java:495)\r\nCaused by: com.microsoft.playwright.impl.DriverException: Error {\n  message='Protocol error (Page.navigate): Cannot navigate to invalid URL\n  name='Error\n  stack='Error: Protocol error (Page.navigate): Cannot navigate to invalid URL\n    at C:\\Users\\ysatya\\AppData\\Local\\Temp\\playwright-java-11155435690070473030\\package\\lib\\server\\chromium\\crConnection.js:135:16\n    at new Promise (<anonymous>)\n    at CRSession.send (C:\\Users\\ysatya\\AppData\\Local\\Temp\\playwright-java-11155435690070473030\\package\\lib\\server\\chromium\\crConnection.js:131:12)\n    at FrameSession._navigate (C:\\Users\\ysatya\\AppData\\Local\\Temp\\playwright-java-11155435690070473030\\package\\lib\\server\\chromium\\crPage.js:506:41)\n    at CRPage.navigateFrame (C:\\Users\\ysatya\\AppData\\Local\\Temp\\playwright-java-11155435690070473030\\package\\lib\\server\\chromium\\crPage.js:158:41)\n    at Frame._gotoAction (C:\\Users\\ysatya\\AppData\\Local\\Temp\\playwright-java-11155435690070473030\\package\\lib\\server\\frames.js:534:55)\n    at C:\\Users\\ysatya\\AppData\\Local\\Temp\\playwright-java-11155435690070473030\\package\\lib\\server\\frames.js:520:74\n    at Frame.raceNavigationAction (C:\\Users\\ysatya\\AppData\\Local\\Temp\\playwright-java-11155435690070473030\\package\\lib\\server\\frames.js:492:95)\n    at Frame._goto (C:\\Users\\ysatya\\AppData\\Local\\Temp\\playwright-java-11155435690070473030\\package\\lib\\server\\frames.js:520:17)\n    at C:\\Users\\ysatya\\AppData\\Local\\Temp\\playwright-java-11155435690070473030\\package\\lib\\server\\frames.js:517:44\n}\nCall log:\n- navigating to \"null/contactList\", waiting until \"load\"\n\r\n\tat com.microsoft.playwright.impl.Connection.dispatch(Connection.java:259)\r\n\tat com.microsoft.playwright.impl.Connection.processOneMessage(Connection.java:209)\r\n\tat com.microsoft.playwright.impl.ChannelOwner.runUntil(ChannelOwner.java:118)\r\n\t... 41 more\r\n"},"stage":"finished","steps":[],"attachments":[],"parameters":[],"start":1770026196782,"stop":1770026197948}