<?xml version="1.0" encoding="UTF-8"?>
<!-- Generated by org.testng.reporters.JUnitXMLReporter -->
<testsuite ignored="8" hostname="hydlap1111" failures="0" tests="0" time="0.011" errors="0" timestamp="2026-02-03T12:37:15 IST">
  <testcase classname="com.thinkingtester.api.crudTests.GetContactApiTest" name="getContactById" time="0.0">
    <ignored/>
  </testcase> <!-- getContactById -->
  <testcase classname="com.thinkingtester.api.crudTests.DeleteContactApiTest" name="deleteContactById" time="0.0">
    <ignored/>
  </testcase> <!-- deleteContactById -->
  <testcase classname="com.thinkingtester.api.tests.ContactCrudApiTests" name="contacte2eFlow" time="0.0">
    <ignored/>
  </testcase> <!-- contacte2eFlow -->
  <testcase classname="com.thinkingtester.api.crudTests.LoginApiTests" name="loginwithValidCredentials" time="0.0">
    <ignored/>
  </testcase> <!-- loginwithValidCredentials -->
  <testcase classname="com.thinkingtester.api.crudTests.LoginApiTests" name="loginwithInvalidCredentials" time="0.0">
    <ignored/>
  </testcase> <!-- loginwithInvalidCredentials -->
  <testcase classname="com.thinkingtester.api.tests.NegativeContactCrudApiTests" name="negativeContacte2eFlow" time="0.0">
    <ignored/>
  </testcase> <!-- negativeContacte2eFlow -->
  <testcase classname="com.thinkingtester.api.crudTests.AddContactApiTest" name="addContactWithValidData" time="0.0">
    <ignored/>
  </testcase> <!-- addContactWithValidData -->
  <testcase classname="com.thinkingtester.api.crudTests.UpdateContactApiTest" name="updateContactByID" time="0.0">
    <ignored/>
  </testcase> <!-- updateContactByID -->
</testsuite>
