<?xml version="1.0" encoding="UTF-8"?>
<!-- Generated by org.testng.reporters.JUnitXMLReporter -->
<testsuite ignored="0" hostname="hydlap1111" failures="0" tests="8" name="API Tests" time="37.543" errors="0" timestamp="2026-02-04T11:26:49 IST">
  <testcase classname="com.thinkingtester.api.crudTests.AddContactApiTest" name="addContactWithValidData" time="1.181"/>
  <testcase classname="com.thinkingtester.api.crudTests.DeleteContactApiTest" name="deleteContactById" time="2.22"/>
  <testcase classname="com.thinkingtester.api.crudTests.GetContactApiTest" name="getContactById" time="1.16"/>
  <testcase classname="com.thinkingtester.api.crudTests.LoginApiTests" name="loginwithInvalidCredentials" time="1.068"/>
  <testcase classname="com.thinkingtester.api.crudTests.LoginApiTests" name="loginwithValidCredentials" time="1.168"/>
  <testcase classname="com.thinkingtester.api.crudTests.UpdateContactApiTest" name="updateContactByID" time="1.147"/>
  <testcase classname="com.thinkingtester.api.tests.ContactCrudApiTests" name="contacte2eFlow" time="5.424"/>
  <testcase classname="com.thinkingtester.api.tests.NegativeContactCrudApiTests" name="negativeContacte2eFlow" time="12.281"/>
</testsuite> <!-- API Tests -->
