<?xml version="1.0" encoding="UTF-8"?>
<!-- Generated by org.testng.reporters.JUnitXMLReporter -->
<testsuite ignored="4" hostname="hydlap1111" failures="0" tests="0" time="0.004" errors="0" timestamp="2026-02-04T11:26:49 IST">
  <testcase classname="com.thinkingtester.hybrid.tests.ContactApiUiHybridTests" name="contactCrudHybridFlow" time="0.0">
    <ignored/>
  </testcase> <!-- contactCrudHybridFlow -->
  <testcase classname="com.thinkingtester.hybrid.tests.negative.NegativeUpdateHybridTests" name="negativeContactUpdates" time="0.0">
    <ignored/>
  </testcase> <!-- negativeContactUpdates -->
  <testcase classname="com.thinkingtester.hybrid.tests.negative.NegativeDeleteHybridTests" name="negativeContactDeletes" time="0.0">
    <ignored/>
  </testcase> <!-- negativeContactDeletes -->
  <testcase classname="com.thinkingtester.hybrid.tests.negative.PartialFailureHybridTests" name="partialE2EContactsFlow" time="0.0">
    <ignored/>
  </testcase> <!-- partialE2EContactsFlow -->
</testsuite>
