<?xml version="1.0" encoding="UTF-8"?>
<!-- Generated by org.testng.reporters.JUnitXMLReporter -->
<testsuite ignored="0" hostname="hydlap1111" failures="0" tests="4" name="HYBRID Tests" time="75.368" errors="0" timestamp="2026-02-03T12:38:31 IST">
  <testcase classname="com.thinkingtester.hybrid.tests.ContactApiUiHybridTests" name="contactCrudHybridFlow" time="36.295"/>
  <testcase classname="com.thinkingtester.hybrid.tests.negative.NegativeDeleteHybridTests" name="negativeContactDeletes" time="4.786"/>
  <testcase classname="com.thinkingtester.hybrid.tests.negative.NegativeUpdateHybridTests" name="negativeContactUpdates" time="7.437"/>
  <testcase classname="com.thinkingtester.hybrid.tests.negative.PartialFailureHybridTests" name="partialE2EContactsFlow" time="5.059"/>
</testsuite> <!-- HYBRID Tests -->
