<?xml version="1.0" encoding="UTF-8"?>
<testng-results ignored="0" total="4" passed="4" failed="0" skipped="0">
  <reporter-output>
  </reporter-output>
  <suite started-at="2026-02-03T12:37:15 IST" name="ThinkingTester-Hybrid-Suite" finished-at="2026-02-03T12:38:31 IST" duration-ms="75533">
    <groups>
      <group name="hybrid">
        <method signature="ContactApiUiHybridTests.contactCrudHybridFlow()[pri:0, instance:com.thinkingtester.hybrid.tests.ContactApiUiHybridTests@673fdbce]" name="contactCrudHybridFlow" class="com.thinkingtester.hybrid.tests.ContactApiUiHybridTests"/>
        <method signature="NegativeDeleteHybridTests.negativeContactDeletes()[pri:0, instance:com.thinkingtester.hybrid.tests.negative.NegativeDeleteHybridTests@7a5ceedd]" name="negativeContactDeletes" class="com.thinkingtester.hybrid.tests.negative.NegativeDeleteHybridTests"/>
        <method signature="NegativeUpdateHybridTests.negativeContactUpdates()[pri:0, instance:com.thinkingtester.hybrid.tests.negative.NegativeUpdateHybridTests@4201c465]" name="negativeContactUpdates" class="com.thinkingtester.hybrid.tests.negative.NegativeUpdateHybridTests"/>
        <method signature="PartialFailureHybridTests.partialE2EContactsFlow()[pri:0, instance:com.thinkingtester.hybrid.tests.negative.PartialFailureHybridTests@5b799640]" name="partialE2EContactsFlow" class="com.thinkingtester.hybrid.tests.negative.PartialFailureHybridTests"/>
      </group> <!-- hybrid -->
      <group name="regression">
        <method signature="ContactApiUiHybridTests.contactCrudHybridFlow()[pri:0, instance:com.thinkingtester.hybrid.tests.ContactApiUiHybridTests@673fdbce]" name="contactCrudHybridFlow" class="com.thinkingtester.hybrid.tests.ContactApiUiHybridTests"/>
        <method signature="NegativeDeleteHybridTests.negativeContactDeletes()[pri:0, instance:com.thinkingtester.hybrid.tests.negative.NegativeDeleteHybridTests@7a5ceedd]" name="negativeContactDeletes" class="com.thinkingtester.hybrid.tests.negative.NegativeDeleteHybridTests"/>
        <method signature="NegativeUpdateHybridTests.negativeContactUpdates()[pri:0, instance:com.thinkingtester.hybrid.tests.negative.NegativeUpdateHybridTests@4201c465]" name="negativeContactUpdates" class="com.thinkingtester.hybrid.tests.negative.NegativeUpdateHybridTests"/>
        <method signature="PartialFailureHybridTests.partialE2EContactsFlow()[pri:0, instance:com.thinkingtester.hybrid.tests.negative.PartialFailureHybridTests@5b799640]" name="partialE2EContactsFlow" class="com.thinkingtester.hybrid.tests.negative.PartialFailureHybridTests"/>
      </group> <!-- regression -->
    </groups>
    <test started-at="2026-02-03T12:37:15 IST" name="API Tests" finished-at="2026-02-03T12:37:15 IST" duration-ms="11">
    </test> <!-- API Tests -->
    <test started-at="2026-02-03T12:37:15 IST" name="UI Tests" finished-at="2026-02-03T12:37:15 IST" duration-ms="0">
    </test> <!-- UI Tests -->
    <test started-at="2026-02-03T12:37:15 IST" name="HYBRID Tests" finished-at="2026-02-03T12:38:31 IST" duration-ms="75368">
      <class name="com.thinkingtester.hybrid.tests.negative.NegativeDeleteHybridTests">
        <test-method is-config="true" signature="launchBrowser()[pri:0, instance:com.thinkingtester.hybrid.tests.negative.NegativeDeleteHybridTests@7a5ceedd]" started-at="2026-02-03T12:38:01 IST" name="launchBrowser" finished-at="2026-02-03T12:38:02 IST" duration-ms="1370" status="PASS">
          <reporter-output>
          </reporter-output>
        </test-method> <!-- launchBrowser -->
        <test-method is-config="true" signature="setupContactTestData()[pri:0, instance:com.thinkingtester.hybrid.tests.negative.NegativeDeleteHybridTests@7a5ceedd]" started-at="2026-02-03T12:38:02 IST" name="setupContactTestData" finished-at="2026-02-03T12:38:03 IST" duration-ms="1359" status="PASS">
          <reporter-output>
          </reporter-output>
        </test-method> <!-- setupContactTestData -->
        <test-method is-config="true" signature="createAuthenticatedContext()[pri:0, instance:com.thinkingtester.hybrid.tests.negative.NegativeDeleteHybridTests@7a5ceedd]" started-at="2026-02-03T12:38:03 IST" name="createAuthenticatedContext" finished-at="2026-02-03T12:38:04 IST" duration-ms="264" status="PASS">
          <reporter-output>
          </reporter-output>
        </test-method> <!-- createAuthenticatedContext -->
        <test-method signature="negativeContactDeletes()[pri:0, instance:com.thinkingtester.hybrid.tests.negative.NegativeDeleteHybridTests@7a5ceedd]" started-at="2026-02-03T12:38:04 IST" name="negativeContactDeletes" finished-at="2026-02-03T12:38:08 IST" duration-ms="4786" status="PASS">
          <reporter-output>
          </reporter-output>
        </test-method> <!-- negativeContactDeletes -->
        <test-method is-config="true" signature="closeContext()[pri:0, instance:com.thinkingtester.hybrid.tests.negative.NegativeDeleteHybridTests@7a5ceedd]" started-at="2026-02-03T12:38:08 IST" name="closeContext" finished-at="2026-02-03T12:38:08 IST" duration-ms="65" status="PASS">
          <reporter-output>
          </reporter-output>
        </test-method> <!-- closeContext -->
        <test-method is-config="true" signature="cleanUpContactTestData()[pri:0, instance:com.thinkingtester.hybrid.tests.negative.NegativeDeleteHybridTests@7a5ceedd]" started-at="2026-02-03T12:38:08 IST" name="cleanUpContactTestData" finished-at="2026-02-03T12:38:10 IST" duration-ms="1251" status="PASS">
          <reporter-output>
          </reporter-output>
        </test-method> <!-- cleanUpContactTestData -->
        <test-method is-config="true" signature="tearDownBrowser()[pri:0, instance:com.thinkingtester.hybrid.tests.negative.NegativeDeleteHybridTests@7a5ceedd]" started-at="2026-02-03T12:38:10 IST" name="tearDownBrowser" finished-at="2026-02-03T12:38:10 IST" duration-ms="237" status="PASS">
          <reporter-output>
          </reporter-output>
        </test-method> <!-- tearDownBrowser -->
      </class> <!-- com.thinkingtester.hybrid.tests.negative.NegativeDeleteHybridTests -->
      <class name="com.thinkingtester.hybrid.tests.ContactApiUiHybridTests">
        <test-method is-config="true" signature="launchBrowser()[pri:0, instance:com.thinkingtester.hybrid.tests.ContactApiUiHybridTests@673fdbce]" started-at="2026-02-03T12:37:15 IST" name="launchBrowser" finished-at="2026-02-03T12:37:20 IST" duration-ms="4241" status="PASS">
          <reporter-output>
          </reporter-output>
        </test-method> <!-- launchBrowser -->
        <test-method is-config="true" signature="setupContactTestData()[pri:0, instance:com.thinkingtester.hybrid.tests.ContactApiUiHybridTests@673fdbce]" started-at="2026-02-03T12:37:20 IST" name="setupContactTestData" finished-at="2026-02-03T12:37:20 IST" duration-ms="2" status="PASS">
          <reporter-output>
          </reporter-output>
        </test-method> <!-- setupContactTestData -->
        <test-method is-config="true" signature="createAuthenticatedContext()[pri:0, instance:com.thinkingtester.hybrid.tests.ContactApiUiHybridTests@673fdbce]" started-at="2026-02-03T12:37:20 IST" name="createAuthenticatedContext" finished-at="2026-02-03T12:37:24 IST" duration-ms="4178" status="PASS">
          <reporter-output>
          </reporter-output>
        </test-method> <!-- createAuthenticatedContext -->
        <test-method signature="contactCrudHybridFlow()[pri:0, instance:com.thinkingtester.hybrid.tests.ContactApiUiHybridTests@673fdbce]" started-at="2026-02-03T12:37:24 IST" name="contactCrudHybridFlow" finished-at="2026-02-03T12:38:00 IST" duration-ms="36295" status="PASS">
          <reporter-output>
          </reporter-output>
        </test-method> <!-- contactCrudHybridFlow -->
        <test-method is-config="true" signature="closeContext()[pri:0, instance:com.thinkingtester.hybrid.tests.ContactApiUiHybridTests@673fdbce]" started-at="2026-02-03T12:38:00 IST" name="closeContext" finished-at="2026-02-03T12:38:00 IST" duration-ms="38" status="PASS">
          <reporter-output>
          </reporter-output>
        </test-method> <!-- closeContext -->
        <test-method is-config="true" signature="cleanUpContactTestData()[pri:0, instance:com.thinkingtester.hybrid.tests.ContactApiUiHybridTests@673fdbce]" started-at="2026-02-03T12:38:00 IST" name="cleanUpContactTestData" finished-at="2026-02-03T12:38:00 IST" duration-ms="3" status="PASS">
          <reporter-output>
          </reporter-output>
        </test-method> <!-- cleanUpContactTestData -->
        <test-method is-config="true" signature="tearDownBrowser()[pri:0, instance:com.thinkingtester.hybrid.tests.ContactApiUiHybridTests@673fdbce]" started-at="2026-02-03T12:38:00 IST" name="tearDownBrowser" finished-at="2026-02-03T12:38:01 IST" duration-ms="245" status="PASS">
          <reporter-output>
          </reporter-output>
        </test-method> <!-- tearDownBrowser -->
      </class> <!-- com.thinkingtester.hybrid.tests.ContactApiUiHybridTests -->
      <class name="com.thinkingtester.hybrid.tests.negative.NegativeUpdateHybridTests">
        <test-method is-config="true" signature="launchBrowser()[pri:0, instance:com.thinkingtester.hybrid.tests.negative.NegativeUpdateHybridTests@4201c465]" started-at="2026-02-03T12:38:10 IST" name="launchBrowser" finished-at="2026-02-03T12:38:11 IST" duration-ms="1257" status="PASS">
          <reporter-output>
          </reporter-output>
        </test-method> <!-- launchBrowser -->
        <test-method is-config="true" signature="setupContactTestData()[pri:0, instance:com.thinkingtester.hybrid.tests.negative.NegativeUpdateHybridTests@4201c465]" started-at="2026-02-03T12:38:11 IST" name="setupContactTestData" finished-at="2026-02-03T12:38:12 IST" duration-ms="1164" status="PASS">
          <reporter-output>
          </reporter-output>
        </test-method> <!-- setupContactTestData -->
        <test-method is-config="true" signature="createAuthenticatedContext()[pri:0, instance:com.thinkingtester.hybrid.tests.negative.NegativeUpdateHybridTests@4201c465]" started-at="2026-02-03T12:38:12 IST" name="createAuthenticatedContext" finished-at="2026-02-03T12:38:13 IST" duration-ms="303" status="PASS">
          <reporter-output>
          </reporter-output>
        </test-method> <!-- createAuthenticatedContext -->
        <test-method signature="negativeContactUpdates()[pri:0, instance:com.thinkingtester.hybrid.tests.negative.NegativeUpdateHybridTests@4201c465]" started-at="2026-02-03T12:38:13 IST" name="negativeContactUpdates" finished-at="2026-02-03T12:38:20 IST" duration-ms="7437" status="PASS">
          <reporter-output>
          </reporter-output>
        </test-method> <!-- negativeContactUpdates -->
        <test-method is-config="true" signature="closeContext()[pri:0, instance:com.thinkingtester.hybrid.tests.negative.NegativeUpdateHybridTests@4201c465]" started-at="2026-02-03T12:38:20 IST" name="closeContext" finished-at="2026-02-03T12:38:20 IST" duration-ms="60" status="PASS">
          <reporter-output>
          </reporter-output>
        </test-method> <!-- closeContext -->
        <test-method is-config="true" signature="cleanUpContactTestData()[pri:0, instance:com.thinkingtester.hybrid.tests.negative.NegativeUpdateHybridTests@4201c465]" started-at="2026-02-03T12:38:20 IST" name="cleanUpContactTestData" finished-at="2026-02-03T12:38:21 IST" duration-ms="1266" status="PASS">
          <reporter-output>
          </reporter-output>
        </test-method> <!-- cleanUpContactTestData -->
        <test-method is-config="true" signature="tearDownBrowser()[pri:0, instance:com.thinkingtester.hybrid.tests.negative.NegativeUpdateHybridTests@4201c465]" started-at="2026-02-03T12:38:21 IST" name="tearDownBrowser" finished-at="2026-02-03T12:38:22 IST" duration-ms="204" status="PASS">
          <reporter-output>
          </reporter-output>
        </test-method> <!-- tearDownBrowser -->
      </class> <!-- com.thinkingtester.hybrid.tests.negative.NegativeUpdateHybridTests -->
      <class name="com.thinkingtester.hybrid.tests.negative.PartialFailureHybridTests">
        <test-method is-config="true" signature="launchBrowser()[pri:0, instance:com.thinkingtester.hybrid.tests.negative.PartialFailureHybridTests@5b799640]" started-at="2026-02-03T12:38:22 IST" name="launchBrowser" finished-at="2026-02-03T12:38:23 IST" duration-ms="1194" status="PASS">
          <reporter-output>
          </reporter-output>
        </test-method> <!-- launchBrowser -->
        <test-method is-config="true" signature="setupContactTestData()[pri:0, instance:com.thinkingtester.hybrid.tests.negative.PartialFailureHybridTests@5b799640]" started-at="2026-02-03T12:38:23 IST" name="setupContactTestData" finished-at="2026-02-03T12:38:24 IST" duration-ms="1176" status="PASS">
          <reporter-output>
          </reporter-output>
        </test-method> <!-- setupContactTestData -->
        <test-method is-config="true" signature="createAuthenticatedContext()[pri:0, instance:com.thinkingtester.hybrid.tests.negative.PartialFailureHybridTests@5b799640]" started-at="2026-02-03T12:38:24 IST" name="createAuthenticatedContext" finished-at="2026-02-03T12:38:24 IST" duration-ms="269" status="PASS">
          <reporter-output>
          </reporter-output>
        </test-method> <!-- createAuthenticatedContext -->
        <test-method signature="partialE2EContactsFlow()[pri:0, instance:com.thinkingtester.hybrid.tests.negative.PartialFailureHybridTests@5b799640]" started-at="2026-02-03T12:38:24 IST" name="partialE2EContactsFlow" finished-at="2026-02-03T12:38:29 IST" duration-ms="5059" status="PASS">
          <reporter-output>
          </reporter-output>
        </test-method> <!-- partialE2EContactsFlow -->
        <test-method is-config="true" signature="closeContext()[pri:0, instance:com.thinkingtester.hybrid.tests.negative.PartialFailureHybridTests@5b799640]" started-at="2026-02-03T12:38:29 IST" name="closeContext" finished-at="2026-02-03T12:38:29 IST" duration-ms="68" status="PASS">
          <reporter-output>
          </reporter-output>
        </test-method> <!-- closeContext -->
        <test-method is-config="true" signature="cleanUpContactTestData()[pri:0, instance:com.thinkingtester.hybrid.tests.negative.PartialFailureHybridTests@5b799640]" started-at="2026-02-03T12:38:29 IST" name="cleanUpContactTestData" finished-at="2026-02-03T12:38:31 IST" duration-ms="1218" status="PASS">
          <reporter-output>
          </reporter-output>
        </test-method> <!-- cleanUpContactTestData -->
        <test-method is-config="true" signature="tearDownBrowser()[pri:0, instance:com.thinkingtester.hybrid.tests.negative.PartialFailureHybridTests@5b799640]" started-at="2026-02-03T12:38:31 IST" name="tearDownBrowser" finished-at="2026-02-03T12:38:31 IST" duration-ms="223" status="PASS">
          <reporter-output>
          </reporter-output>
        </test-method> <!-- tearDownBrowser -->
      </class> <!-- com.thinkingtester.hybrid.tests.negative.PartialFailureHybridTests -->
    </test> <!-- HYBRID Tests -->
  </suite> <!-- ThinkingTester-Hybrid-Suite -->
</testng-results>
