<?xml version="1.0" encoding="UTF-8"?>
<testsuite xmlns:xsi="http://www.w3.org/2001/XMLSchema-instance" xsi:noNamespaceSchemaLocation="https://maven.apache.org/surefire/maven-surefire-plugin/xsd/surefire-test-report-3.0.xsd" version="3.0" name="TestSuite" time="39.339" tests="8" errors="0" skipped="0" failures="0">
  <properties>
[...]
</properties>
  <testcase name="addContactWithValidData" classname="com.thinkingtester.api.crudTests.AddContactApiTest" time="1.24">
    <system-out><![CDATA[11:26:11.882 [INFO ] BaseApiTest - SETUP: Initializing API test configuration
11:26:12.372 [INFO ] BaseApiTest - Base API URL: https://thinking-tester-contact-list.herokuapp.com
11:26:15.849 [INFO ] BaseApiTest - SETUP: API test configuration completed
11:26:17.010 [INFO ] AddContactApiTest - Contact created successfully - ID: 6982df8075fc830015e8f985
]]></system-out>
    <system-err><![CDATA[SLF4J: Failed to load class "org.slf4j.impl.StaticLoggerBinder".
SLF4J: Defaulting to no-operation (NOP) logger implementation
SLF4J: See http://www.slf4j.org/codes.html#StaticLoggerBinder for further details.
]]></system-err>
  </testcase>
  <testcase name="deleteContactById" classname="com.thinkingtester.api.crudTests.DeleteContactApiTest" time="2.227">
    <system-out><![CDATA[11:26:18.189 [INFO ] AddContactApiTest - CLEANUP: Deleted contact - Status code: 200
11:26:18.208 [INFO ] BaseApiTest - SETUP: Initializing API test configuration
11:26:18.208 [INFO ] BaseApiTest - Base API URL: https://thinking-tester-contact-list.herokuapp.com
11:26:18.208 [INFO ] BaseApiTest - SETUP: API test configuration completed
11:26:19.293 [INFO ] DeleteContactApiTest - SETUP: Contact created successfully - ID: 6982df837756fc00150a453d
11:26:20.409 [INFO ] DeleteContactApiTest - Contact deletion successful for Id: 6982df837756fc00150a453d
]]></system-out>
  </testcase>
  <testcase name="getContactById" classname="com.thinkingtester.api.crudTests.GetContactApiTest" time="1.16">
    <system-out><![CDATA[11:26:21.531 [INFO ] BaseApiTest - SETUP: Initializing API test configuration
11:26:21.536 [INFO ] BaseApiTest - Base API URL: https://thinking-tester-contact-list.herokuapp.com
11:26:21.536 [INFO ] BaseApiTest - SETUP: API test configuration completed
11:26:22.686 [INFO ] GetContactApiTest - SETUP: Contact created successfully - ID: 6982df8675fc830015e8f986
11:26:23.846 [INFO ] GetContactApiTest - Email fetched for Contact ID: 6982df8675fc830015e8f986 - Email: testuser_01610a@test.com
]]></system-out>
  </testcase>
  <testcase name="loginwithInvalidCredentials" classname="com.thinkingtester.api.crudTests.LoginApiTests" time="1.058">
    <system-out><![CDATA[11:26:24.928 [INFO ] GetContactApiTest - CLEANUP: Deleted contact - Status code: 200
11:26:24.928 [INFO ] BaseApiTest - SETUP: Initializing API test configuration
11:26:24.928 [INFO ] BaseApiTest - Base API URL: https://thinking-tester-contact-list.herokuapp.com
11:26:24.928 [INFO ] BaseApiTest - SETUP: API test configuration completed
11:26:25.996 [INFO ] LoginApiTests - Negative login validated successfully - 401 Unauthorized
]]></system-out>
  </testcase>
  <testcase name="loginwithValidCredentials" classname="com.thinkingtester.api.crudTests.LoginApiTests" time="1.158"/>
  <testcase name="updateContactByID" classname="com.thinkingtester.api.crudTests.UpdateContactApiTest" time="1.161">
    <system-out><![CDATA[11:26:27.171 [INFO ] BaseApiTest - SETUP: Initializing API test configuration
11:26:27.171 [INFO ] BaseApiTest - Base API URL: https://thinking-tester-contact-list.herokuapp.com
11:26:27.171 [INFO ] BaseApiTest - SETUP: API test configuration completed
11:26:28.319 [INFO ] UpdateContactApiTest - SETUP: Contact created successfully - ID: 6982df8c75fc830015e8f988
]]></system-out>
  </testcase>
  <testcase name="contacte2eFlow" classname="com.thinkingtester.api.tests.ContactCrudApiTests" time="5.423">
    <system-out><![CDATA[11:26:30.552 [INFO ] UpdateContactApiTest - CLEANUP: Deleted contact - Status code: 200
11:26:30.553 [INFO ] BaseApiTest - SETUP: Initializing API test configuration
11:26:30.553 [INFO ] BaseApiTest - Base API URL: https://thinking-tester-contact-list.herokuapp.com
11:26:30.553 [INFO ] BaseApiTest - SETUP: API test configuration completed
11:26:31.651 [INFO ] ContactCrudApiTests - Contact created successfully - Id: 6982df8f75fc830015e8f989
11:26:34.906 [INFO ] ContactCrudApiTests - Contact deletion successful for Id: 6982df8f75fc830015e8f989
11:26:35.979 [INFO ] ContactCrudApiTests - Deleted contact successfully not retrieved (404 response)
]]></system-out>
  </testcase>
  <testcase name="negativeContacte2eFlow" classname="com.thinkingtester.api.tests.NegativeContactCrudApiTests" time="12.289">
    <system-out><![CDATA[11:26:35.982 [INFO ] BaseApiTest - SETUP: Initializing API test configuration
11:26:35.982 [INFO ] BaseApiTest - Base API URL: https://thinking-tester-contact-list.herokuapp.com
11:26:35.982 [INFO ] BaseApiTest - SETUP: API test configuration completed
11:26:37.090 [INFO ] NegativeContactCrudApiTests - SETUP: Contact created with Id: 6982df9475fc830015e8f98a
11:26:38.191 [INFO ] NegativeContactCrudApiTests - Contact creation failed - Invalid FirstName and LastName (400 Bad Request)
11:26:39.294 [INFO ] NegativeContactCrudApiTests - Contact creation failed - Invalid email address provided (400 Bad Request)
11:26:40.433 [INFO ] NegativeContactCrudApiTests - Contact creation failed - 401 Unauthorized
11:26:41.518 [INFO ] NegativeContactCrudApiTests - Invalid Contact Id passed - 404 Not Found
11:26:43.694 [INFO ] NegativeContactCrudApiTests - Email unchanged after invalid update - Contact remains unchanged
11:26:44.764 [INFO ] NegativeContactCrudApiTests - Update failed - Invalid Authentication (401 Unauthorized)
11:26:46.103 [INFO ] NegativeContactCrudApiTests - Contact deletion failed - Invalid Contact Id (404 Not Found)
11:26:47.141 [INFO ] NegativeContactCrudApiTests - Contact deletion failed - Unauthorized access (401)
11:26:49.371 [INFO ] NegativeContactCrudApiTests - Deleted contact successfully not retrieved (404 response)
]]></system-out>
  </testcase>
</testsuite>