<?xml version="1.0" encoding="UTF-8"?>
<testsuite xmlns:xsi="http://www.w3.org/2001/XMLSchema-instance" xsi:noNamespaceSchemaLocation="https://maven.apache.org/surefire/maven-surefire-plugin/xsd/surefire-test-report-3.0.xsd" version="3.0" name="TestSuite" time="76.37" tests="4" errors="0" skipped="0" failures="0">
  <properties>
[...]
</properties>
  <testcase name="contactCrudHybridFlow" classname="com.thinkingtester.hybrid.tests.ContactApiUiHybridTests" time="36.301">
    <system-out><![CDATA[Fetched Email is: testuser_f2d885@test.com
API: Contact created ->69819ead4b01860015cbf123
UI: Contact Found: testuser_f2d885@test.com
API: Contact Updated. New PhoneNumber: 9327345870
UI: Update reflected: 9327345870
API: Contact Deleted
UI: Deletion reflected
]]></system-out>
    <system-err><![CDATA[SLF4J: Failed to load class "org.slf4j.impl.StaticLoggerBinder".
SLF4J: Defaulting to no-operation (NOP) logger implementation
SLF4J: See http://www.slf4j.org/codes.html#StaticLoggerBinder for further details.
]]></system-err>
  </testcase>
  <testcase name="negativeContactDeletes" classname="com.thinkingtester.hybrid.tests.negative.NegativeDeleteHybridTests" time="4.786">
    <system-out><![CDATA[SETUP API: Contact created with ID: 69819ed3ad233500154ef0ce
API: Contact deletion failed for Invalid contactId
UI: Contact Found upon invalid deletion.testuser_f1cf0f@test.com
API: Contact deletion failed successfully for Unauthorized access.
UI: Contact Found on Unauthorized deletion
]]></system-out>
  </testcase>
  <testcase name="negativeContactUpdates" classname="com.thinkingtester.hybrid.tests.negative.NegativeUpdateHybridTests" time="7.438">
    <system-out><![CDATA[CLEANUP: Contact deletion status: 200
SETUP API: Contact created with ID: 69819edc4b01860015cbf124
UI: Contact Found
API: Contact Updated with invalid data
UI: No changes detected when an invalid contact ID is provided.
API: Update with Invalid ContactId completed
UI: No changes detected when an invalid contact ID is provided.
API: Contact Updated. 401 Unauthorized
UI: No changes detected when an Unauthorized update is done.
]]></system-out>
  </testcase>
  <testcase name="partialE2EContactsFlow" classname="com.thinkingtester.hybrid.tests.negative.PartialFailureHybridTests" time="5.067">
    <system-out><![CDATA[CLEANUP: Contact deletion status: 200
SETUP API: Contact created with ID: 69819ee84b01860015cbf125
API: Contact Updated. Updated PhoneNumber is: 9070962090
UI: PhoneNumber updated from 9925370670 to new PhoneNumber: 9070962090
API: Invalid Update Completed.
UI: PhoneNumber remains unchanged: 9070962090
]]></system-out>
  </testcase>
</testsuite>