<?xml version="1.0" encoding="UTF-8"?>
<testng-results ignored="0" total="1" passed="1" failed="0" skipped="0">
  <reporter-output>
  </reporter-output>
  <suite started-at="2026-02-03T07:25:01 IST" name="Surefire suite" finished-at="2026-02-03T07:25:19 IST" duration-ms="18150">
    <groups>
      <group name="negative">
        <method signature="NegativeContactCrudApiTests.negativeContacte2eFlow()[pri:0, instance:com.thinkingtester.api.tests.NegativeContactCrudApiTests@47987356]" name="negativeContacte2eFlow" class="com.thinkingtester.api.tests.NegativeContactCrudApiTests"/>
      </group> <!-- negative -->
      <group name="regression">
        <method signature="NegativeContactCrudApiTests.negativeContacte2eFlow()[pri:0, instance:com.thinkingtester.api.tests.NegativeContactCrudApiTests@47987356]" name="negativeContacte2eFlow" class="com.thinkingtester.api.tests.NegativeContactCrudApiTests"/>
      </group> <!-- regression -->
      <group name="e2e">
        <method signature="NegativeContactCrudApiTests.negativeContacte2eFlow()[pri:0, instance:com.thinkingtester.api.tests.NegativeContactCrudApiTests@47987356]" name="negativeContacte2eFlow" class="com.thinkingtester.api.tests.NegativeContactCrudApiTests"/>
      </group> <!-- e2e -->
      <group name="api">
        <method signature="NegativeContactCrudApiTests.negativeContacte2eFlow()[pri:0, instance:com.thinkingtester.api.tests.NegativeContactCrudApiTests@47987356]" name="negativeContacte2eFlow" class="com.thinkingtester.api.tests.NegativeContactCrudApiTests"/>
      </group> <!-- api -->
    </groups>
    <test started-at="2026-02-03T07:25:01 IST" name="Surefire test" finished-at="2026-02-03T07:25:19 IST" duration-ms="18150">
      <class name="com.thinkingtester.api.tests.NegativeContactCrudApiTests">
        <test-method is-config="true" signature="setUpApi()[pri:0, instance:com.thinkingtester.api.tests.NegativeContactCrudApiTests@47987356]" started-at="2026-02-03T07:25:01 IST" name="setUpApi" finished-at="2026-02-03T07:25:05 IST" duration-ms="4071" status="PASS">
          <reporter-output>
          </reporter-output>
        </test-method> <!-- setUpApi -->
        <test-method is-config="true" signature="setupContactTestData()[pri:0, instance:com.thinkingtester.api.tests.NegativeContactCrudApiTests@47987356]" started-at="2026-02-03T07:25:05 IST" name="setupContactTestData" finished-at="2026-02-03T07:25:06 IST" duration-ms="1223" status="PASS">
          <reporter-output>
          </reporter-output>
        </test-method> <!-- setupContactTestData -->
        <test-method signature="negativeContacte2eFlow()[pri:0, instance:com.thinkingtester.api.tests.NegativeContactCrudApiTests@47987356]" started-at="2026-02-03T07:25:06 IST" name="negativeContacte2eFlow" finished-at="2026-02-03T07:25:19 IST" duration-ms="12742" status="PASS">
          <reporter-output>
          </reporter-output>
        </test-method> <!-- negativeContacte2eFlow -->
        <test-method is-config="true" signature="cleanUpContactTestData()[pri:0, instance:com.thinkingtester.api.tests.NegativeContactCrudApiTests@47987356]" started-at="2026-02-03T07:25:19 IST" name="cleanUpContactTestData" finished-at="2026-02-03T07:25:19 IST" duration-ms="0" status="PASS">
          <reporter-output>
          </reporter-output>
        </test-method> <!-- cleanUpContactTestData -->
      </class> <!-- com.thinkingtester.api.tests.NegativeContactCrudApiTests -->
    </test> <!-- Surefire test -->
  </suite> <!-- Surefire suite -->
</testng-results>
