<?xml version="1.0" encoding="UTF-8"?>
<testsuite xmlns:xsi="http://www.w3.org/2001/XMLSchema-instance" xsi:noNamespaceSchemaLocation="https://maven.apache.org/surefire/maven-surefire-plugin/xsd/surefire-test-report-3.0.xsd" version="3.0" name="com.thinkingtester.hybrid.tests.ContactApiUiHybridTests" time="61.608" tests="1" errors="0" skipped="0" failures="0">
  <properties>
[...]
</properties>
  <testcase name="contactCrudHybridFlow" classname="com.thinkingtester.hybrid.tests.ContactApiUiHybridTests" time="41.859">
    <system-out><![CDATA[Fetched Email is: testuser_29eb19@test.com
API: Contact created ->6980cca4aa942200156aee44
UI: Contact Found: testuser_29eb19@test.com
API: Contact Updated. New PhoneNumber: 9938421880
UI: Update reflected: 9938421880
API: Contact Deleted
UI: Deletion reflected
]]></system-out>
    <system-err><![CDATA[SLF4J: Failed to load class "org.slf4j.impl.StaticLoggerBinder".
SLF4J: Defaulting to no-operation (NOP) logger implementation
SLF4J: See http://www.slf4j.org/codes.html#StaticLoggerBinder for further details.
]]></system-err>
  </testcase>
</testsuite>