<?xml version="1.0" encoding="UTF-8"?>
<!-- Generated by org.testng.reporters.JUnitReportReporter -->
<testsuite hostname="hydlap1111" failures="0" tests="1" name="com.thinkingtester.hybrid.tests.negative.NegativeDeleteHybridTests" time="6.748" errors="0" timestamp="2026-02-02T07:10:18 IST" skipped="0">
  <testcase classname="com.thinkingtester.hybrid.tests.negative.NegativeDeleteHybridTests" name="negativeContactDeletes" time="6.748"/>
</testsuite> <!-- com.thinkingtester.hybrid.tests.negative.NegativeDeleteHybridTests -->
