<?xml version="1.0" encoding="UTF-8"?>
<!-- Generated by org.testng.reporters.JUnitReportReporter -->
<testsuite hostname="hydlap1111" failures="0" tests="2" name="com.thinkingtester.api.crudTests.LoginApiTests" time="2.236" errors="0" timestamp="2026-02-04T11:26:49 IST" skipped="0">
  <testcase classname="com.thinkingtester.api.crudTests.LoginApiTests" name="loginwithInvalidCredentials" time="1.068"/>
  <testcase classname="com.thinkingtester.api.crudTests.LoginApiTests" name="loginwithValidCredentials" time="1.168"/>
</testsuite> <!-- com.thinkingtester.api.crudTests.LoginApiTests -->
