<?xml version="1.0" encoding="UTF-8"?>
<!-- Generated by org.testng.reporters.JUnitReportReporter -->
<testsuite hostname="hydlap1111" failures="0" tests="2" name="com.thinkingtester.api.crudTests.LoginApiTests" time="2.195" errors="0" timestamp="2026-02-03T12:27:25 IST" skipped="0">
  <testcase classname="com.thinkingtester.api.crudTests.LoginApiTests" name="loginwithInvalidCredentials" time="1.063"/>
  <testcase classname="com.thinkingtester.api.crudTests.LoginApiTests" name="loginwithValidCredentials" time="1.132"/>
</testsuite> <!-- com.thinkingtester.api.crudTests.LoginApiTests -->
