<?xml version="1.0" encoding="UTF-8"?>
<!-- Generated by org.testng.reporters.JUnitReportReporter -->
<testsuite hostname="hydlap1111" failures="0" tests="1" name="com.thinkingtester.hybrid.tests.negative.NegativeUpdateHybridTests" time="16.702" errors="0" timestamp="2026-01-31T11:01:14 IST" skipped="0">
  <testcase classname="com.thinkingtester.hybrid.tests.negative.NegativeUpdateHybridTests" name="invalidContactUpdates" time="16.702"/>
</testsuite> <!-- com.thinkingtester.hybrid.tests.negative.NegativeUpdateHybridTests -->
