<?xml version="1.0" encoding="UTF-8"?>
<!-- Generated by org.testng.reporters.JUnitReportReporter -->
<testsuite hostname="hydlap1111" failures="0" tests="1" name="com.thinkingtester.api.tests.NegativeContactCrudApiTests" time="12.742" errors="0" timestamp="2026-02-03T07:25:19 IST" skipped="0">
  <testcase classname="com.thinkingtester.api.tests.NegativeContactCrudApiTests" name="negativeContacte2eFlow" time="12.742"/>
</testsuite> <!-- com.thinkingtester.api.tests.NegativeContactCrudApiTests -->
